<?xml version="1.0" encoding="UTF-8"?>
<testsuite xmlns:xsi="http://www.w3.org/2001/XMLSchema-instance" xsi:noNamespaceSchemaLocation="https://maven.apache.org/surefire/maven-surefire-plugin/xsd/surefire-test-report.xsd" name="tutorial.AppTest" time="0.062" tests="1" errors="0" skipped="0" failures="0">
  <properties>
    <property name="java.specification.version" value="14"/>
    <property name="sun.jnu.encoding" value="UTF-8"/>
    <property name="java.class.path" value="/Users/kotaroooo0/Documents/.repo/src/github.com/kotaroooo0/lucene-playground/lucene-tutorial/target/test-classes:/Users/kotaroooo0/Documents/.repo/src/github.com/kotaroooo0/lucene-playground/lucene-tutorial/target/classes:/Users/kotaroooo0/.m2/repository/junit/junit/4.11/junit-4.11.jar:/Users/kotaroooo0/.m2/repository/org/hamcrest/hamcrest-core/1.3/hamcrest-core-1.3.jar:/Users/kotaroooo0/.m2/repository/org/apache/lucene/lucene-core/8.6.2/lucene-core-8.6.2.jar:/Users/kotaroooo0/.m2/repository/org/apache/lucene/lucene-queryparser/8.6.2/lucene-queryparser-8.6.2.jar:/Users/kotaroooo0/.m2/repository/org/apache/lucene/lucene-queries/8.6.2/lucene-queries-8.6.2.jar:/Users/kotaroooo0/.m2/repository/org/apache/lucene/lucene-sandbox/8.6.2/lucene-sandbox-8.6.2.jar:/Users/kotaroooo0/.m2/repository/org/apache/lucene/lucene-analyzers-common/8.6.2/lucene-analyzers-common-8.6.2.jar:/Users/kotaroooo0/.m2/repository/org/apache/lucene/lucene-highlighter/8.6.2/lucene-highlighter-8.6.2.jar:/Users/kotaroooo0/.m2/repository/org/apache/lucene/lucene-memory/8.6.2/lucene-memory-8.6.2.jar:"/>
    <property name="java.vm.vendor" value="Oracle Corporation"/>
    <property name="sun.arch.data.model" value="64"/>
    <property name="java.vendor.url" value="https://openjdk.java.net/"/>
    <property name="os.name" value="Mac OS X"/>
    <property name="java.vm.specification.version" value="14"/>
    <property name="sun.java.launcher" value="SUN_STANDARD"/>
    <property name="user.country" value="JP"/>
    <property name="sun.boot.library.path" value="/usr/local/Cellar/openjdk/14.0.1/libexec/openjdk.jdk/Contents/Home/lib"/>
    <property name="sun.java.command" value="/Users/kotaroooo0/Documents/.repo/src/github.com/kotaroooo0/lucene-playground/lucene-tutorial/target/surefire/surefirebooter11740871511719036333.jar /Users/kotaroooo0/Documents/.repo/src/github.com/kotaroooo0/lucene-playground/lucene-tutorial/target/surefire 2020-10-03T17-22-46_986-jvmRun1 surefire2270835368083004701tmp surefire_010615761982102143720tmp"/>
    <property name="http.nonProxyHosts" value="local|*.local|169.254/16|*.169.254/16"/>
    <property name="jdk.debug" value="release"/>
    <property name="surefire.test.class.path" value="/Users/kotaroooo0/Documents/.repo/src/github.com/kotaroooo0/lucene-playground/lucene-tutorial/target/test-classes:/Users/kotaroooo0/Documents/.repo/src/github.com/kotaroooo0/lucene-playground/lucene-tutorial/target/classes:/Users/kotaroooo0/.m2/repository/junit/junit/4.11/junit-4.11.jar:/Users/kotaroooo0/.m2/repository/org/hamcrest/hamcrest-core/1.3/hamcrest-core-1.3.jar:/Users/kotaroooo0/.m2/repository/org/apache/lucene/lucene-core/8.6.2/lucene-core-8.6.2.jar:/Users/kotaroooo0/.m2/repository/org/apache/lucene/lucene-queryparser/8.6.2/lucene-queryparser-8.6.2.jar:/Users/kotaroooo0/.m2/repository/org/apache/lucene/lucene-queries/8.6.2/lucene-queries-8.6.2.jar:/Users/kotaroooo0/.m2/repository/org/apache/lucene/lucene-sandbox/8.6.2/lucene-sandbox-8.6.2.jar:/Users/kotaroooo0/.m2/repository/org/apache/lucene/lucene-analyzers-common/8.6.2/lucene-analyzers-common-8.6.2.jar:/Users/kotaroooo0/.m2/repository/org/apache/lucene/lucene-highlighter/8.6.2/lucene-highlighter-8.6.2.jar:/Users/kotaroooo0/.m2/repository/org/apache/lucene/lucene-memory/8.6.2/lucene-memory-8.6.2.jar:"/>
    <property name="sun.cpu.endian" value="little"/>
    <property name="user.home" value="/Users/kotaroooo0"/>
    <property name="user.language" value="en"/>
    <property name="java.specification.vendor" value="Oracle Corporation"/>
    <property name="java.version.date" value="2020-04-14"/>
    <property name="java.home" value="/usr/local/Cellar/openjdk/14.0.1/libexec/openjdk.jdk/Contents/Home"/>
    <property name="file.separator" value="/"/>
    <property name="basedir" value="/Users/kotaroooo0/Documents/.repo/src/github.com/kotaroooo0/lucene-playground/lucene-tutorial"/>
    <property name="java.vm.compressedOopsMode" value="Zero based"/>
    <property name="line.separator" value="&#10;"/>
    <property name="java.specification.name" value="Java Platform API Specification"/>
    <property name="java.vm.specification.vendor" value="Oracle Corporation"/>
    <property name="surefire.real.class.path" value="/Users/kotaroooo0/Documents/.repo/src/github.com/kotaroooo0/lucene-playground/lucene-tutorial/target/surefire/surefirebooter11740871511719036333.jar"/>
    <property name="sun.management.compiler" value="HotSpot 64-Bit Tiered Compilers"/>
    <property name="ftp.nonProxyHosts" value="local|*.local|169.254/16|*.169.254/16"/>
    <property name="java.runtime.version" value="14.0.1+14"/>
    <property name="user.name" value="kotaroooo0"/>
    <property name="path.separator" value=":"/>
    <property name="os.version" value="10.15.5"/>
    <property name="java.runtime.name" value="OpenJDK Runtime Environment"/>
    <property name="file.encoding" value="UTF-8"/>
    <property name="java.vm.name" value="OpenJDK 64-Bit Server VM"/>
    <property name="localRepository" value="/Users/kotaroooo0/.m2/repository"/>
    <property name="java.vendor.url.bug" value="https://bugreport.java.com/bugreport/"/>
    <property name="java.io.tmpdir" value="/var/folders/07/kmkhwnz51n1b3ys64sy096lw0000gp/T/"/>
    <property name="java.version" value="14.0.1"/>
    <property name="user.dir" value="/Users/kotaroooo0/Documents/.repo/src/github.com/kotaroooo0/lucene-playground/lucene-tutorial"/>
    <property name="os.arch" value="x86_64"/>
    <property name="java.vm.specification.name" value="Java Virtual Machine Specification"/>
    <property name="java.library.path" value="/Users/kotaroooo0/Library/Java/Extensions:/Library/Java/Extensions:/Network/Library/Java/Extensions:/System/Library/Java/Extensions:/usr/lib/java:."/>
    <property name="java.vm.info" value="mixed mode, sharing"/>
    <property name="java.vendor" value="N/A"/>
    <property name="java.vm.version" value="14.0.1+14"/>
    <property name="sun.io.unicode.encoding" value="UnicodeBig"/>
    <property name="socksNonProxyHosts" value="local|*.local|169.254/16|*.169.254/16"/>
    <property name="java.class.version" value="58.0"/>
  </properties>
  <testcase name="shouldAnswerWithTrue" classname="tutorial.AppTest" time="0.003"/>
</testsuite>